// stdlib
800033A8:memset
8000519C:memcpy
800723b4:strlen
80071f90:rand

// OSAlloc.c
8000CF04:DLInsert

// OSArena.c
8000D588:OSGetArenaHi
8000D590:OSGetArenaLo
8000D598:OSSetArenaHi
8000D5A0:OSSetArenaLo
8000D5A8:OSAllocFromArenaLo

// OSCache.c
8000D8CC:DCFlushRange
8000D994:ICInvalidateRange

// OSError.c
8000E6D0:OSReport

// OSLink.c
80010730:OSLink
80010B8C:OSUnlink

// GX
CC008000:GXWGFifo
8002fe74:GXSetTevColor
8002cb2c:GXBegin

// Drawing
802AD048:drawDebugText
802AF5EC:drawDebugTextBg
802aeac0:drawDebugTextCharEn
803E47B8:debugTextBgColor

// PAD
8014530C:padButtonBitfield
80145300:padAnalogBitfield

// GX wrappers
80008d24:GXSetZModeIfDifferent
80007f44:GXLoadTexObjIfDifferent